
=== Thu Sep 15 14:18:06 2022

Packages were changed.
Update Mode: updateDependencies

The following packages were added:
  com.unity.ide.visualstudio@2.0.8
The following packages were updated:
  com.unity.ide.rider from version 1.1.4 to 1.2.1
  com.unity.test-framework from version 1.1.20 to 1.1.24
  com.unity.textmeshpro from version 2.1.1 to 2.1.4
  com.unity.timeline from version 1.2.17 to 1.2.18

=== Thu Jan 11 11:45:22 2024

Packages were changed.
Update Mode: updateDependencies

The following packages were added:
  com.unity.ai.navigation@1.1.3
The following packages were updated:
  com.unity.collab-proxy from version 1.2.16 to 2.0.4
  com.unity.ide.rider from version 1.2.1 to 3.0.21
  com.unity.ide.visualstudio from version 2.0.8 to 2.0.18
  com.unity.ide.vscode from version 1.2.3 to 1.2.5
  com.unity.render-pipelines.universal from version 7.5.2 to 14.0.7
  com.unity.test-framework from version 1.1.24 to 1.1.33
  com.unity.textmeshpro from version 2.1.4 to 3.0.6
  com.unity.timeline from version 1.2.18 to 1.7.4

=== Thu Jan 18 22:02:33 2024

Packages were changed.
Update Mode: updateDependencies

The following packages were updated:
  com.unity.ai.navigation from version 1.1.3 to 1.1.5
  com.unity.collab-proxy from version 2.0.4 to 2.2.0
  com.unity.ide.visualstudio from version 2.0.18 to 2.0.22
  com.unity.render-pipelines.universal from version 14.0.7 to 14.0.9
  com.unity.timeline from version 1.7.4 to 1.7.6
